<?xml version="1.0" encoding="UTF-8"?>
<robot generator="Robot 6.0.2 (Python 3.11.2 on win32)" generated="20230504 17:34:27.409" rpa="false" schemaversion="3">
<suite id="s1" name="Tests" source="C:\Users\aflores\Desktop\Robot FrameWork\FInal-Excercise\tests">
<suite id="s1-s1" name="Mian" source="C:\Users\aflores\Desktop\Robot FrameWork\FInal-Excercise\tests\Mian.robot">
<test id="s1-s1-t1" name="Basic Auth" line="30">
<kw name="Begin Web Test" library="Common" type="SETUP">
<doc>This is some basic info about the test</doc>
<kw name="Set Selenium Speed" library="SeleniumLibrary">
<arg>1s</arg>
<doc>Sets the delay that is waited after each Selenium command.</doc>
<status status="PASS" starttime="20230504 17:34:27.774" endtime="20230504 17:34:27.775"/>
</kw>
<kw name="Open Browser" library="SeleniumLibrary">
<arg>${URL}</arg>
<arg>${BROWSER}</arg>
<doc>Opens a new browser instance to the optional ``url``.</doc>
<msg timestamp="20230504 17:34:27.775" level="INFO">Opening browser 'chrome' to base url 'https://the-internet.herokuapp.com/'.</msg>
<msg timestamp="20230504 17:34:27.796" level="INFO">Executing: C:\Python311\Lib\site-packages\selenium\webdriver\common\windows\selenium-manager.exe --browser chrome --output json</msg>
<status status="PASS" starttime="20230504 17:34:27.775" endtime="20230504 17:34:31.454"/>
</kw>
<kw name="Maximize Browser Window" library="SeleniumLibrary">
<doc>Maximizes current browser window.</doc>
<status status="PASS" starttime="20230504 17:34:31.454" endtime="20230504 17:34:32.580"/>
</kw>
<kw name="Wait Until Page Contains" library="SeleniumLibrary">
<arg>Welcome to the-internet</arg>
<doc>Waits until ``text`` appears on the current page.</doc>
<status status="PASS" starttime="20230504 17:34:32.580" endtime="20230504 17:34:33.591"/>
</kw>
<status status="PASS" starttime="20230504 17:34:27.774" endtime="20230504 17:34:33.591"/>
</kw>
<kw name="Open Basic Auth Page" library="Basic_Auth">
<kw name="Click Link" library="SeleniumLibrary">
<arg>//*[@id="content"]/ul/li[3]/a</arg>
<doc>Clicks a link identified by ``locator``.</doc>
<msg timestamp="20230504 17:34:33.592" level="INFO">Clicking link '//*[@id="content"]/ul/li[3]/a'.</msg>
<status status="PASS" starttime="20230504 17:34:33.591" endtime="20230504 17:34:36.768"/>
</kw>
<status status="PASS" starttime="20230504 17:34:33.591" endtime="20230504 17:34:36.768"/>
</kw>
<kw name="Login with valid credentials (user: admin, password: admin)" library="Basic_Auth">
<kw name="Go To" library="SeleniumLibrary">
<arg>${URL_AUTH}</arg>
<doc>Navigates the current browser window to the provided ``url``.</doc>
<msg timestamp="20230504 17:34:36.769" level="INFO">Opening url 'https://admin:admin@the-internet.herokuapp.com/basic_auth'</msg>
<status status="PASS" starttime="20230504 17:34:36.769" endtime="20230504 17:34:38.087"/>
</kw>
<status status="PASS" starttime="20230504 17:34:36.768" endtime="20230504 17:34:38.087"/>
</kw>
<kw name="Validate that the authentication was successful." library="Basic_Auth">
<kw name="Page Should Contain" library="SeleniumLibrary">
<arg>${LABEL_SUCCESSFUL}</arg>
<doc>Verifies that current page contains ``text``.</doc>
<msg timestamp="20230504 17:34:40.103" level="INFO">Current page contains text 'Congratulations! You must have the proper credentials.'.</msg>
<status status="PASS" starttime="20230504 17:34:38.088" endtime="20230504 17:34:40.103"/>
</kw>
<status status="PASS" starttime="20230504 17:34:38.087" endtime="20230504 17:34:40.103"/>
</kw>
<kw name="Login with not valid credentials (user: admin1, password: admin1)" library="Basic_Auth">
<kw name="Go To" library="SeleniumLibrary">
<arg>${URL_AUTH_INVALID}</arg>
<doc>Navigates the current browser window to the provided ``url``.</doc>
<msg timestamp="20230504 17:34:40.104" level="INFO">Opening url 'https://admin1:admin1@the-internet.herokuapp.com/basic_auth'</msg>
<status status="PASS" starttime="20230504 17:34:40.104" endtime="20230504 17:34:41.341"/>
</kw>
<status status="PASS" starttime="20230504 17:34:40.104" endtime="20230504 17:34:41.342"/>
</kw>
<kw name="Validate that the authentication was unsuccessful." library="Basic_Auth">
<kw name="Page Should Not Contain" library="SeleniumLibrary">
<arg>${LABEL_UNSUCCESSFUL}</arg>
<doc>Verifies the current page does not contain ``text``.</doc>
<msg timestamp="20230504 17:34:44.392" level="INFO">Current page does not contain text 'Congratulations! You must have the proper credentials.'.</msg>
<status status="PASS" starttime="20230504 17:34:41.344" endtime="20230504 17:34:44.392"/>
</kw>
<status status="PASS" starttime="20230504 17:34:41.343" endtime="20230504 17:34:44.392"/>
</kw>
<kw name="End Web Test" library="Common" type="TEARDOWN">
<kw name="Close Browser" library="SeleniumLibrary">
<doc>Closes the current browser.</doc>
<status status="PASS" starttime="20230504 17:34:44.392" endtime="20230504 17:34:47.650"/>
</kw>
<status status="PASS" starttime="20230504 17:34:44.392" endtime="20230504 17:34:47.651"/>
</kw>
<doc>This a test to verify</doc>
<tag>Test-3</tag>
<status status="PASS" starttime="20230504 17:34:27.774" endtime="20230504 17:34:47.651"/>
</test>
<doc>This is a final excercise in the Robot Framework</doc>
<status status="PASS" starttime="20230504 17:34:27.432" endtime="20230504 17:34:47.652"/>
</suite>
<status status="PASS" starttime="20230504 17:34:27.412" endtime="20230504 17:34:47.654"/>
</suite>
<statistics>
<total>
<stat pass="1" fail="0" skip="0">All Tests</stat>
</total>
<tag>
<stat pass="1" fail="0" skip="0">Test-3</stat>
</tag>
<suite>
<stat pass="1" fail="0" skip="0" id="s1" name="Tests">Tests</stat>
<stat pass="1" fail="0" skip="0" id="s1-s1" name="Mian">Tests.Mian</stat>
</suite>
</statistics>
<errors>
</errors>
</robot>
