<?xml version="1.0" encoding="UTF-8"?>
<robot generator="Robot 6.0.2 (Python 3.11.2 on win32)" generated="20230509 15:16:22.442" rpa="false" schemaversion="3">
<suite id="s1" name="Tests" source="C:\Users\aflores\Desktop\Robot FrameWork\FInal-Excercise\tests">
<suite id="s1-s1" name="Mian" source="C:\Users\aflores\Desktop\Robot FrameWork\FInal-Excercise\tests\Mian.robot">
<test id="s1-s1-t1" name="JavaScript Alert" line="159">
<kw name="Begin Web Test" library="Common" type="SETUP">
<doc>This is some basic info about the test</doc>
<kw name="Set Variable" library="BuiltIn">
<var>${full}</var>
<arg>${EXECDIR}${/}downloads${/}</arg>
<doc>Returns the given values which can then be assigned to a variables.</doc>
<msg timestamp="20230509 15:16:22.845" level="INFO">${full} = C:\Users\aflores\Desktop\Robot FrameWork\FInal-Excercise\downloads\</msg>
<status status="PASS" starttime="20230509 15:16:22.845" endtime="20230509 15:16:22.845"/>
</kw>
<kw name="Normalize Path" library="OperatingSystem">
<var>${path}</var>
<arg>${full}</arg>
<doc>Normalizes the given path.</doc>
<msg timestamp="20230509 15:16:22.846" level="INFO">${path} = C:\Users\aflores\Desktop\Robot FrameWork\FInal-Excercise\downloads</msg>
<status status="PASS" starttime="20230509 15:16:22.845" endtime="20230509 15:16:22.846"/>
</kw>
<kw name="Create Dictionary" library="BuiltIn">
<var>${prefs}</var>
<arg>download.default_directory=${path}</arg>
<arg>download.prompt_for_download=${FALSE}</arg>
<arg>download.directory_upgrade=${TRUE}</arg>
<doc>Creates and returns a dictionary based on the given ``items``.</doc>
<msg timestamp="20230509 15:16:22.846" level="INFO">${prefs} = {'download.default_directory': 'C:\\Users\\aflores\\Desktop\\Robot FrameWork\\FInal-Excercise\\downloads', 'download.prompt_for_download': False, 'download.directory_upgrade': True}</msg>
<status status="PASS" starttime="20230509 15:16:22.846" endtime="20230509 15:16:22.846"/>
</kw>
<kw name="Set Selenium Speed" library="SeleniumLibrary">
<arg>2s</arg>
<doc>Sets the delay that is waited after each Selenium command.</doc>
<status status="PASS" starttime="20230509 15:16:22.846" endtime="20230509 15:16:22.846"/>
</kw>
<for flavor="IN RANGE">
<var>${i}</var>
<value>30</value>
<iter>
<var name="${i}">0</var>
<kw name="Open Browser" library="SeleniumLibrary">
<arg>${URL}</arg>
<arg>${BROWSER}</arg>
<arg>options=add_experimental_option("prefs",${prefs})</arg>
<doc>Opens a new browser instance to the optional ``url``.</doc>
<msg timestamp="20230509 15:16:22.847" level="INFO">Opening browser 'chrome' to base url 'https://the-internet.herokuapp.com/'.</msg>
<msg timestamp="20230509 15:16:22.870" level="INFO">Executing: C:\Python311\Lib\site-packages\selenium\webdriver\common\windows\selenium-manager.exe --browser chrome --output json</msg>
<status status="PASS" starttime="20230509 15:16:22.847" endtime="20230509 15:16:27.209"/>
</kw>
<kw name="Close Window" library="SeleniumLibrary">
<doc>Closes currently opened and selected browser window/tab.</doc>
<status status="PASS" starttime="20230509 15:16:27.209" endtime="20230509 15:16:29.492"/>
</kw>
<status status="PASS" starttime="20230509 15:16:22.846" endtime="20230509 15:16:29.492"/>
</iter>
<iter>
<var name="${i}">1</var>
<kw name="Open Browser" library="SeleniumLibrary">
<arg>${URL}</arg>
<arg>${BROWSER}</arg>
<arg>options=add_experimental_option("prefs",${prefs})</arg>
<doc>Opens a new browser instance to the optional ``url``.</doc>
<msg timestamp="20230509 15:16:29.496" level="INFO">Opening browser 'chrome' to base url 'https://the-internet.herokuapp.com/'.</msg>
<msg timestamp="20230509 15:16:29.518" level="INFO">Executing: C:\Python311\Lib\site-packages\selenium\webdriver\common\windows\selenium-manager.exe --browser chrome --output json</msg>
<status status="PASS" starttime="20230509 15:16:29.493" endtime="20230509 15:16:33.448"/>
</kw>
<kw name="Close Window" library="SeleniumLibrary">
<doc>Closes currently opened and selected browser window/tab.</doc>
<status status="PASS" starttime="20230509 15:16:33.448" endtime="20230509 15:16:35.814"/>
</kw>
<status status="PASS" starttime="20230509 15:16:29.493" endtime="20230509 15:16:35.814"/>
</iter>
<iter>
<var name="${i}">2</var>
<kw name="Open Browser" library="SeleniumLibrary">
<arg>${URL}</arg>
<arg>${BROWSER}</arg>
<arg>options=add_experimental_option("prefs",${prefs})</arg>
<doc>Opens a new browser instance to the optional ``url``.</doc>
<msg timestamp="20230509 15:16:35.817" level="INFO">Opening browser 'chrome' to base url 'https://the-internet.herokuapp.com/'.</msg>
<msg timestamp="20230509 15:16:35.839" level="INFO">Executing: C:\Python311\Lib\site-packages\selenium\webdriver\common\windows\selenium-manager.exe --browser chrome --output json</msg>
<status status="PASS" starttime="20230509 15:16:35.815" endtime="20230509 15:16:39.707"/>
</kw>
<kw name="Close Window" library="SeleniumLibrary">
<doc>Closes currently opened and selected browser window/tab.</doc>
<status status="PASS" starttime="20230509 15:16:39.707" endtime="20230509 15:16:41.959"/>
</kw>
<status status="PASS" starttime="20230509 15:16:35.814" endtime="20230509 15:16:41.959"/>
</iter>
<iter>
<var name="${i}">3</var>
<kw name="Open Browser" library="SeleniumLibrary">
<arg>${URL}</arg>
<arg>${BROWSER}</arg>
<arg>options=add_experimental_option("prefs",${prefs})</arg>
<doc>Opens a new browser instance to the optional ``url``.</doc>
<msg timestamp="20230509 15:16:41.960" level="INFO">Opening browser 'chrome' to base url 'https://the-internet.herokuapp.com/'.</msg>
<msg timestamp="20230509 15:16:41.983" level="INFO">Executing: C:\Python311\Lib\site-packages\selenium\webdriver\common\windows\selenium-manager.exe --browser chrome --output json</msg>
<status status="PASS" starttime="20230509 15:16:41.959" endtime="20230509 15:16:45.868"/>
</kw>
<kw name="Close Window" library="SeleniumLibrary">
<doc>Closes currently opened and selected browser window/tab.</doc>
<status status="PASS" starttime="20230509 15:16:45.868" endtime="20230509 15:16:48.251"/>
</kw>
<status status="PASS" starttime="20230509 15:16:41.959" endtime="20230509 15:16:48.251"/>
</iter>
<iter>
<var name="${i}">4</var>
<kw name="Open Browser" library="SeleniumLibrary">
<arg>${URL}</arg>
<arg>${BROWSER}</arg>
<arg>options=add_experimental_option("prefs",${prefs})</arg>
<doc>Opens a new browser instance to the optional ``url``.</doc>
<msg timestamp="20230509 15:16:48.253" level="INFO">Opening browser 'chrome' to base url 'https://the-internet.herokuapp.com/'.</msg>
<msg timestamp="20230509 15:16:48.276" level="INFO">Executing: C:\Python311\Lib\site-packages\selenium\webdriver\common\windows\selenium-manager.exe --browser chrome --output json</msg>
<status status="PASS" starttime="20230509 15:16:48.251" endtime="20230509 15:16:52.182"/>
</kw>
<kw name="Close Window" library="SeleniumLibrary">
<doc>Closes currently opened and selected browser window/tab.</doc>
<status status="PASS" starttime="20230509 15:16:52.182" endtime="20230509 15:16:54.334"/>
</kw>
<status status="PASS" starttime="20230509 15:16:48.251" endtime="20230509 15:16:54.334"/>
</iter>
<iter>
<var name="${i}">5</var>
<kw name="Open Browser" library="SeleniumLibrary">
<arg>${URL}</arg>
<arg>${BROWSER}</arg>
<arg>options=add_experimental_option("prefs",${prefs})</arg>
<doc>Opens a new browser instance to the optional ``url``.</doc>
<msg timestamp="20230509 15:16:54.334" level="INFO">Opening browser 'chrome' to base url 'https://the-internet.herokuapp.com/'.</msg>
<msg timestamp="20230509 15:16:54.355" level="INFO">Executing: C:\Python311\Lib\site-packages\selenium\webdriver\common\windows\selenium-manager.exe --browser chrome --output json</msg>
<status status="PASS" starttime="20230509 15:16:54.334" endtime="20230509 15:16:58.257"/>
</kw>
<kw name="Close Window" library="SeleniumLibrary">
<doc>Closes currently opened and selected browser window/tab.</doc>
<status status="PASS" starttime="20230509 15:16:58.257" endtime="20230509 15:17:00.499"/>
</kw>
<status status="PASS" starttime="20230509 15:16:54.334" endtime="20230509 15:17:00.499"/>
</iter>
<iter>
<var name="${i}">6</var>
<kw name="Open Browser" library="SeleniumLibrary">
<arg>${URL}</arg>
<arg>${BROWSER}</arg>
<arg>options=add_experimental_option("prefs",${prefs})</arg>
<doc>Opens a new browser instance to the optional ``url``.</doc>
<msg timestamp="20230509 15:17:00.500" level="INFO">Opening browser 'chrome' to base url 'https://the-internet.herokuapp.com/'.</msg>
<msg timestamp="20230509 15:17:00.522" level="INFO">Executing: C:\Python311\Lib\site-packages\selenium\webdriver\common\windows\selenium-manager.exe --browser chrome --output json</msg>
<status status="PASS" starttime="20230509 15:17:00.499" endtime="20230509 15:17:04.559"/>
</kw>
<kw name="Close Window" library="SeleniumLibrary">
<doc>Closes currently opened and selected browser window/tab.</doc>
<status status="PASS" starttime="20230509 15:17:04.559" endtime="20230509 15:17:06.779"/>
</kw>
<status status="PASS" starttime="20230509 15:17:00.499" endtime="20230509 15:17:06.779"/>
</iter>
<iter>
<var name="${i}">7</var>
<kw name="Open Browser" library="SeleniumLibrary">
<arg>${URL}</arg>
<arg>${BROWSER}</arg>
<arg>options=add_experimental_option("prefs",${prefs})</arg>
<doc>Opens a new browser instance to the optional ``url``.</doc>
<msg timestamp="20230509 15:17:06.782" level="INFO">Opening browser 'chrome' to base url 'https://the-internet.herokuapp.com/'.</msg>
<msg timestamp="20230509 15:17:06.824" level="INFO">Executing: C:\Python311\Lib\site-packages\selenium\webdriver\common\windows\selenium-manager.exe --browser chrome --output json</msg>
<status status="PASS" starttime="20230509 15:17:06.780" endtime="20230509 15:17:11.145"/>
</kw>
<kw name="Close Window" library="SeleniumLibrary">
<doc>Closes currently opened and selected browser window/tab.</doc>
<status status="PASS" starttime="20230509 15:17:11.146" endtime="20230509 15:17:13.341"/>
</kw>
<status status="PASS" starttime="20230509 15:17:06.779" endtime="20230509 15:17:13.341"/>
</iter>
<iter>
<var name="${i}">8</var>
<kw name="Open Browser" library="SeleniumLibrary">
<arg>${URL}</arg>
<arg>${BROWSER}</arg>
<arg>options=add_experimental_option("prefs",${prefs})</arg>
<doc>Opens a new browser instance to the optional ``url``.</doc>
<msg timestamp="20230509 15:17:13.341" level="INFO">Opening browser 'chrome' to base url 'https://the-internet.herokuapp.com/'.</msg>
<msg timestamp="20230509 15:17:13.362" level="INFO">Executing: C:\Python311\Lib\site-packages\selenium\webdriver\common\windows\selenium-manager.exe --browser chrome --output json</msg>
<status status="PASS" starttime="20230509 15:17:13.341" endtime="20230509 15:17:17.267"/>
</kw>
<kw name="Close Window" library="SeleniumLibrary">
<doc>Closes currently opened and selected browser window/tab.</doc>
<status status="PASS" starttime="20230509 15:17:17.267" endtime="20230509 15:17:19.458"/>
</kw>
<status status="PASS" starttime="20230509 15:17:13.341" endtime="20230509 15:17:19.458"/>
</iter>
<iter>
<var name="${i}">9</var>
<kw name="Open Browser" library="SeleniumLibrary">
<arg>${URL}</arg>
<arg>${BROWSER}</arg>
<arg>options=add_experimental_option("prefs",${prefs})</arg>
<doc>Opens a new browser instance to the optional ``url``.</doc>
<msg timestamp="20230509 15:17:19.458" level="INFO">Opening browser 'chrome' to base url 'https://the-internet.herokuapp.com/'.</msg>
<msg timestamp="20230509 15:17:19.480" level="INFO">Executing: C:\Python311\Lib\site-packages\selenium\webdriver\common\windows\selenium-manager.exe --browser chrome --output json</msg>
<status status="PASS" starttime="20230509 15:17:19.458" endtime="20230509 15:17:23.392"/>
</kw>
<kw name="Close Window" library="SeleniumLibrary">
<doc>Closes currently opened and selected browser window/tab.</doc>
<status status="PASS" starttime="20230509 15:17:23.392" endtime="20230509 15:17:25.591"/>
</kw>
<status status="PASS" starttime="20230509 15:17:19.458" endtime="20230509 15:17:25.591"/>
</iter>
<iter>
<var name="${i}">10</var>
<kw name="Open Browser" library="SeleniumLibrary">
<arg>${URL}</arg>
<arg>${BROWSER}</arg>
<arg>options=add_experimental_option("prefs",${prefs})</arg>
<doc>Opens a new browser instance to the optional ``url``.</doc>
<msg timestamp="20230509 15:17:25.591" level="INFO">Opening browser 'chrome' to base url 'https://the-internet.herokuapp.com/'.</msg>
<msg timestamp="20230509 15:17:25.613" level="INFO">Executing: C:\Python311\Lib\site-packages\selenium\webdriver\common\windows\selenium-manager.exe --browser chrome --output json</msg>
<status status="PASS" starttime="20230509 15:17:25.591" endtime="20230509 15:17:29.727"/>
</kw>
<kw name="Close Window" library="SeleniumLibrary">
<doc>Closes currently opened and selected browser window/tab.</doc>
<status status="PASS" starttime="20230509 15:17:29.727" endtime="20230509 15:17:31.925"/>
</kw>
<status status="PASS" starttime="20230509 15:17:25.591" endtime="20230509 15:17:31.925"/>
</iter>
<iter>
<var name="${i}">11</var>
<kw name="Open Browser" library="SeleniumLibrary">
<arg>${URL}</arg>
<arg>${BROWSER}</arg>
<arg>options=add_experimental_option("prefs",${prefs})</arg>
<doc>Opens a new browser instance to the optional ``url``.</doc>
<msg timestamp="20230509 15:17:31.928" level="INFO">Opening browser 'chrome' to base url 'https://the-internet.herokuapp.com/'.</msg>
<msg timestamp="20230509 15:17:31.971" level="INFO">Executing: C:\Python311\Lib\site-packages\selenium\webdriver\common\windows\selenium-manager.exe --browser chrome --output json</msg>
<status status="PASS" starttime="20230509 15:17:31.926" endtime="20230509 15:17:35.915"/>
</kw>
<kw name="Close Window" library="SeleniumLibrary">
<doc>Closes currently opened and selected browser window/tab.</doc>
<status status="PASS" starttime="20230509 15:17:35.915" endtime="20230509 15:17:38.294"/>
</kw>
<status status="PASS" starttime="20230509 15:17:31.925" endtime="20230509 15:17:38.294"/>
</iter>
<iter>
<var name="${i}">12</var>
<kw name="Open Browser" library="SeleniumLibrary">
<arg>${URL}</arg>
<arg>${BROWSER}</arg>
<arg>options=add_experimental_option("prefs",${prefs})</arg>
<doc>Opens a new browser instance to the optional ``url``.</doc>
<msg timestamp="20230509 15:17:38.294" level="INFO">Opening browser 'chrome' to base url 'https://the-internet.herokuapp.com/'.</msg>
<msg timestamp="20230509 15:17:38.316" level="INFO">Executing: C:\Python311\Lib\site-packages\selenium\webdriver\common\windows\selenium-manager.exe --browser chrome --output json</msg>
<status status="PASS" starttime="20230509 15:17:38.294" endtime="20230509 15:17:42.312"/>
</kw>
<kw name="Close Window" library="SeleniumLibrary">
<doc>Closes currently opened and selected browser window/tab.</doc>
<status status="PASS" starttime="20230509 15:17:42.312" endtime="20230509 15:17:44.507"/>
</kw>
<status status="PASS" starttime="20230509 15:17:38.294" endtime="20230509 15:17:44.507"/>
</iter>
<iter>
<var name="${i}">13</var>
<kw name="Open Browser" library="SeleniumLibrary">
<arg>${URL}</arg>
<arg>${BROWSER}</arg>
<arg>options=add_experimental_option("prefs",${prefs})</arg>
<doc>Opens a new browser instance to the optional ``url``.</doc>
<msg timestamp="20230509 15:17:44.510" level="INFO">Opening browser 'chrome' to base url 'https://the-internet.herokuapp.com/'.</msg>
<msg timestamp="20230509 15:17:44.532" level="INFO">Executing: C:\Python311\Lib\site-packages\selenium\webdriver\common\windows\selenium-manager.exe --browser chrome --output json</msg>
<status status="PASS" starttime="20230509 15:17:44.509" endtime="20230509 15:17:48.428"/>
</kw>
<kw name="Close Window" library="SeleniumLibrary">
<doc>Closes currently opened and selected browser window/tab.</doc>
<status status="PASS" starttime="20230509 15:17:48.428" endtime="20230509 15:17:50.609"/>
</kw>
<status status="PASS" starttime="20230509 15:17:44.507" endtime="20230509 15:17:50.609"/>
</iter>
<iter>
<var name="${i}">14</var>
<kw name="Open Browser" library="SeleniumLibrary">
<arg>${URL}</arg>
<arg>${BROWSER}</arg>
<arg>options=add_experimental_option("prefs",${prefs})</arg>
<doc>Opens a new browser instance to the optional ``url``.</doc>
<msg timestamp="20230509 15:17:50.612" level="INFO">Opening browser 'chrome' to base url 'https://the-internet.herokuapp.com/'.</msg>
<msg timestamp="20230509 15:17:50.636" level="INFO">Executing: C:\Python311\Lib\site-packages\selenium\webdriver\common\windows\selenium-manager.exe --browser chrome --output json</msg>
<status status="PASS" starttime="20230509 15:17:50.610" endtime="20230509 15:17:54.511"/>
</kw>
<kw name="Close Window" library="SeleniumLibrary">
<doc>Closes currently opened and selected browser window/tab.</doc>
<status status="PASS" starttime="20230509 15:17:54.511" endtime="20230509 15:17:56.705"/>
</kw>
<status status="PASS" starttime="20230509 15:17:50.609" endtime="20230509 15:17:56.705"/>
</iter>
<iter>
<var name="${i}">15</var>
<kw name="Open Browser" library="SeleniumLibrary">
<arg>${URL}</arg>
<arg>${BROWSER}</arg>
<arg>options=add_experimental_option("prefs",${prefs})</arg>
<doc>Opens a new browser instance to the optional ``url``.</doc>
<msg timestamp="20230509 15:17:56.708" level="INFO">Opening browser 'chrome' to base url 'https://the-internet.herokuapp.com/'.</msg>
<msg timestamp="20230509 15:17:56.730" level="INFO">Executing: C:\Python311\Lib\site-packages\selenium\webdriver\common\windows\selenium-manager.exe --browser chrome --output json</msg>
<status status="PASS" starttime="20230509 15:17:56.706" endtime="20230509 15:18:00.565"/>
</kw>
<kw name="Close Window" library="SeleniumLibrary">
<doc>Closes currently opened and selected browser window/tab.</doc>
<status status="PASS" starttime="20230509 15:18:00.565" endtime="20230509 15:18:02.774"/>
</kw>
<status status="PASS" starttime="20230509 15:17:56.705" endtime="20230509 15:18:02.774"/>
</iter>
<iter>
<var name="${i}">16</var>
<kw name="Open Browser" library="SeleniumLibrary">
<arg>${URL}</arg>
<arg>${BROWSER}</arg>
<arg>options=add_experimental_option("prefs",${prefs})</arg>
<doc>Opens a new browser instance to the optional ``url``.</doc>
<msg timestamp="20230509 15:18:02.778" level="INFO">Opening browser 'chrome' to base url 'https://the-internet.herokuapp.com/'.</msg>
<msg timestamp="20230509 15:18:02.801" level="INFO">Executing: C:\Python311\Lib\site-packages\selenium\webdriver\common\windows\selenium-manager.exe --browser chrome --output json</msg>
<status status="PASS" starttime="20230509 15:18:02.776" endtime="20230509 15:18:06.649"/>
</kw>
<kw name="Close Window" library="SeleniumLibrary">
<doc>Closes currently opened and selected browser window/tab.</doc>
<status status="PASS" starttime="20230509 15:18:06.649" endtime="20230509 15:18:08.859"/>
</kw>
<status status="PASS" starttime="20230509 15:18:02.774" endtime="20230509 15:18:08.859"/>
</iter>
<iter>
<var name="${i}">17</var>
<kw name="Open Browser" library="SeleniumLibrary">
<arg>${URL}</arg>
<arg>${BROWSER}</arg>
<arg>options=add_experimental_option("prefs",${prefs})</arg>
<doc>Opens a new browser instance to the optional ``url``.</doc>
<msg timestamp="20230509 15:18:08.862" level="INFO">Opening browser 'chrome' to base url 'https://the-internet.herokuapp.com/'.</msg>
<msg timestamp="20230509 15:18:08.884" level="INFO">Executing: C:\Python311\Lib\site-packages\selenium\webdriver\common\windows\selenium-manager.exe --browser chrome --output json</msg>
<status status="PASS" starttime="20230509 15:18:08.860" endtime="20230509 15:18:12.712"/>
</kw>
<kw name="Close Window" library="SeleniumLibrary">
<doc>Closes currently opened and selected browser window/tab.</doc>
<status status="PASS" starttime="20230509 15:18:12.712" endtime="20230509 15:18:15.014"/>
</kw>
<status status="PASS" starttime="20230509 15:18:08.859" endtime="20230509 15:18:15.014"/>
</iter>
<iter>
<var name="${i}">18</var>
<kw name="Open Browser" library="SeleniumLibrary">
<arg>${URL}</arg>
<arg>${BROWSER}</arg>
<arg>options=add_experimental_option("prefs",${prefs})</arg>
<doc>Opens a new browser instance to the optional ``url``.</doc>
<msg timestamp="20230509 15:18:15.017" level="INFO">Opening browser 'chrome' to base url 'https://the-internet.herokuapp.com/'.</msg>
<msg timestamp="20230509 15:18:15.064" level="INFO">Executing: C:\Python311\Lib\site-packages\selenium\webdriver\common\windows\selenium-manager.exe --browser chrome --output json</msg>
<status status="PASS" starttime="20230509 15:18:15.015" endtime="20230509 15:18:18.931"/>
</kw>
<kw name="Close Window" library="SeleniumLibrary">
<doc>Closes currently opened and selected browser window/tab.</doc>
<status status="PASS" starttime="20230509 15:18:18.931" endtime="20230509 15:18:21.107"/>
</kw>
<status status="PASS" starttime="20230509 15:18:15.014" endtime="20230509 15:18:21.107"/>
</iter>
<iter>
<var name="${i}">19</var>
<kw name="Open Browser" library="SeleniumLibrary">
<arg>${URL}</arg>
<arg>${BROWSER}</arg>
<arg>options=add_experimental_option("prefs",${prefs})</arg>
<doc>Opens a new browser instance to the optional ``url``.</doc>
<msg timestamp="20230509 15:18:21.110" level="INFO">Opening browser 'chrome' to base url 'https://the-internet.herokuapp.com/'.</msg>
<msg timestamp="20230509 15:18:21.133" level="INFO">Executing: C:\Python311\Lib\site-packages\selenium\webdriver\common\windows\selenium-manager.exe --browser chrome --output json</msg>
<status status="PASS" starttime="20230509 15:18:21.108" endtime="20230509 15:18:25.054"/>
</kw>
<kw name="Close Window" library="SeleniumLibrary">
<doc>Closes currently opened and selected browser window/tab.</doc>
<status status="PASS" starttime="20230509 15:18:25.054" endtime="20230509 15:18:27.239"/>
</kw>
<status status="PASS" starttime="20230509 15:18:21.107" endtime="20230509 15:18:27.239"/>
</iter>
<iter>
<var name="${i}">20</var>
<kw name="Open Browser" library="SeleniumLibrary">
<arg>${URL}</arg>
<arg>${BROWSER}</arg>
<arg>options=add_experimental_option("prefs",${prefs})</arg>
<doc>Opens a new browser instance to the optional ``url``.</doc>
<msg timestamp="20230509 15:18:27.240" level="INFO">Opening browser 'chrome' to base url 'https://the-internet.herokuapp.com/'.</msg>
<msg timestamp="20230509 15:18:27.261" level="INFO">Executing: C:\Python311\Lib\site-packages\selenium\webdriver\common\windows\selenium-manager.exe --browser chrome --output json</msg>
<errors>
<msg timestamp="20230509 15:18:30.518" level="ERROR">Execution stopped by user.</msg>
</errors>
</robot>
