<?xml version="1.0" encoding="UTF-8"?>
<robot generator="Robot 6.0.2 (Python 3.11.2 on win32)" generated="20230510 14:18:34.730" rpa="false" schemaversion="3">
<suite id="s1" name="Tests" source="C:\Users\aflores\Desktop\Robot FrameWork\FInal-Excercise\tests">
<suite id="s1-s1" name="Mian" source="C:\Users\aflores\Desktop\Robot FrameWork\FInal-Excercise\tests\Mian.robot">
<test id="s1-s1-t1" name="Drag and Drop" line="81">
<kw name="Begin Web Test" library="Common" type="SETUP">
<doc>This is some basic info about the test</doc>
<kw name="Set Variable" library="BuiltIn">
<var>${full}</var>
<arg>${EXECDIR}${/}downloads${/}</arg>
<doc>Returns the given values which can then be assigned to a variables.</doc>
<msg timestamp="20230510 14:18:35.256" level="INFO">${full} = C:\Users\aflores\Desktop\Robot FrameWork\FInal-Excercise\downloads\</msg>
<status status="PASS" starttime="20230510 14:18:35.256" endtime="20230510 14:18:35.256"/>
</kw>
<kw name="Normalize Path" library="OperatingSystem">
<var>${path}</var>
<arg>${full}</arg>
<doc>Normalizes the given path.</doc>
<msg timestamp="20230510 14:18:35.256" level="INFO">${path} = C:\Users\aflores\Desktop\Robot FrameWork\FInal-Excercise\downloads</msg>
<status status="PASS" starttime="20230510 14:18:35.256" endtime="20230510 14:18:35.256"/>
</kw>
<kw name="Create Dictionary" library="BuiltIn">
<var>${prefs}</var>
<arg>download.default_directory=${path}</arg>
<arg>download.prompt_for_download=${FALSE}</arg>
<arg>download.directory_upgrade=${TRUE}</arg>
<doc>Creates and returns a dictionary based on the given ``items``.</doc>
<msg timestamp="20230510 14:18:35.257" level="INFO">${prefs} = {'download.default_directory': 'C:\\Users\\aflores\\Desktop\\Robot FrameWork\\FInal-Excercise\\downloads', 'download.prompt_for_download': False, 'download.directory_upgrade': True}</msg>
<status status="PASS" starttime="20230510 14:18:35.256" endtime="20230510 14:18:35.257"/>
</kw>
<kw name="Set Selenium Speed" library="SeleniumLibrary">
<arg>0.5s</arg>
<doc>Sets the delay that is waited after each Selenium command.</doc>
<status status="PASS" starttime="20230510 14:18:35.257" endtime="20230510 14:18:35.257"/>
</kw>
<kw name="Open Browser" library="SeleniumLibrary">
<arg>${URL}</arg>
<arg>${BROWSER}</arg>
<arg>options=add_experimental_option("prefs",${prefs})</arg>
<doc>Opens a new browser instance to the optional ``url``.</doc>
<msg timestamp="20230510 14:18:35.258" level="INFO">Opening browser 'chrome' to base url 'https://the-internet.herokuapp.com/'.</msg>
<msg timestamp="20230510 14:18:35.281" level="INFO">Executing: C:\Python311\Lib\site-packages\selenium\webdriver\common\windows\selenium-manager.exe --browser chrome --output json</msg>
<status status="PASS" starttime="20230510 14:18:35.257" endtime="20230510 14:18:38.405"/>
</kw>
<kw name="Maximize Browser Window" library="SeleniumLibrary">
<doc>Maximizes current browser window.</doc>
<status status="PASS" starttime="20230510 14:18:38.405" endtime="20230510 14:18:39.028"/>
</kw>
<kw name="Wait Until Page Contains" library="SeleniumLibrary">
<arg>Welcome to the-internet</arg>
<doc>Waits until ``text`` appears on the current page.</doc>
<status status="PASS" starttime="20230510 14:18:39.028" endtime="20230510 14:18:39.540"/>
</kw>
<status status="PASS" starttime="20230510 14:18:35.255" endtime="20230510 14:18:39.540"/>
</kw>
<kw name="Open Drag and Drop Page" library="Drag and Drop">
<kw name="Click Link" library="SeleniumLibrary">
<arg>xpath=//*[@id="content"]/ul/li[10]/a</arg>
<doc>Clicks a link identified by ``locator``.</doc>
<msg timestamp="20230510 14:18:39.541" level="INFO">Clicking link 'xpath=//*[@id="content"]/ul/li[10]/a'.</msg>
<status status="PASS" starttime="20230510 14:18:39.541" endtime="20230510 14:18:41.245"/>
</kw>
<status status="PASS" starttime="20230510 14:18:39.540" endtime="20230510 14:18:41.245"/>
</kw>
<kw name="Drag and drop the box A to the box B" library="Drag and Drop">
<kw name="Move To" library="ImageHorizonLibrary">
<arg>550</arg>
<arg>270</arg>
<doc>Moves the mouse pointer to an absolute coordinates.</doc>
<status status="PASS" starttime="20230510 14:18:41.246" endtime="20230510 14:18:41.349"/>
</kw>
<kw name="Mouse Down" library="ImageHorizonLibrary">
<arg>button=left</arg>
<doc>Presses specidied mouse button down</doc>
<status status="PASS" starttime="20230510 14:18:41.349" endtime="20230510 14:18:41.451"/>
</kw>
<kw name="Move To" library="ImageHorizonLibrary">
<arg>765</arg>
<arg>270</arg>
<doc>Moves the mouse pointer to an absolute coordinates.</doc>
<status status="PASS" starttime="20230510 14:18:41.451" endtime="20230510 14:18:41.552"/>
</kw>
<kw name="Mouse Down" library="ImageHorizonLibrary">
<arg>button=left</arg>
<doc>Presses specidied mouse button down</doc>
<status status="PASS" starttime="20230510 14:18:41.552" endtime="20230510 14:18:41.668"/>
</kw>
<kw name="Mouse Up" library="ImageHorizonLibrary">
<arg>button=left</arg>
<doc>Releases specified mouse button</doc>
<status status="PASS" starttime="20230510 14:18:41.668" endtime="20230510 14:18:41.770"/>
</kw>
<kw name="Sleep" library="BuiltIn">
<arg>2sec</arg>
<doc>Pauses the test executed for the given time.</doc>
<msg timestamp="20230510 14:18:43.770" level="INFO">Slept 2 seconds</msg>
<status status="PASS" starttime="20230510 14:18:41.770" endtime="20230510 14:18:43.770"/>
</kw>
<status status="PASS" starttime="20230510 14:18:41.245" endtime="20230510 14:18:43.770"/>
</kw>
<kw name="Validate that the boxes were changed A." library="Drag and Drop">
<kw name="Element Text Should Be" library="SeleniumLibrary">
<arg>xpath=//*[@id="column-b"]/header</arg>
<arg>expected=A</arg>
<doc>Verifies that element ``locator`` contains exact the text ``expected``.</doc>
<msg timestamp="20230510 14:18:43.771" level="INFO">Verifying element 'xpath=//*[@id="column-b"]/header' contains exact text 'A'.</msg>
<status status="PASS" starttime="20230510 14:18:43.771" endtime="20230510 14:18:44.812"/>
</kw>
<status status="PASS" starttime="20230510 14:18:43.770" endtime="20230510 14:18:44.812"/>
</kw>
<kw name="Drag and drop the box B to the box A" library="Drag and Drop">
<kw name="Move To" library="ImageHorizonLibrary">
<arg>765</arg>
<arg>270</arg>
<doc>Moves the mouse pointer to an absolute coordinates.</doc>
<status status="PASS" starttime="20230510 14:18:44.815" endtime="20230510 14:18:44.916"/>
</kw>
<kw name="Mouse Down" library="ImageHorizonLibrary">
<arg>button=left</arg>
<doc>Presses specidied mouse button down</doc>
<status status="PASS" starttime="20230510 14:18:44.916" endtime="20230510 14:18:45.036"/>
</kw>
<kw name="Move To" library="ImageHorizonLibrary">
<arg>550</arg>
<arg>270</arg>
<doc>Moves the mouse pointer to an absolute coordinates.</doc>
<status status="PASS" starttime="20230510 14:18:45.036" endtime="20230510 14:18:45.137"/>
</kw>
<kw name="Mouse Down" library="ImageHorizonLibrary">
<arg>button=left</arg>
<doc>Presses specidied mouse button down</doc>
<status status="PASS" starttime="20230510 14:18:45.137" endtime="20230510 14:18:45.238"/>
</kw>
<kw name="Mouse Up" library="ImageHorizonLibrary">
<arg>button=left</arg>
<doc>Releases specified mouse button</doc>
<status status="PASS" starttime="20230510 14:18:45.238" endtime="20230510 14:18:45.341"/>
</kw>
<kw name="Sleep" library="BuiltIn">
<arg>2sec</arg>
<doc>Pauses the test executed for the given time.</doc>
<msg timestamp="20230510 14:18:47.341" level="INFO">Slept 2 seconds</msg>
<status status="PASS" starttime="20230510 14:18:45.341" endtime="20230510 14:18:47.341"/>
</kw>
<status status="PASS" starttime="20230510 14:18:44.814" endtime="20230510 14:18:47.342"/>
</kw>
<kw name="Validate that the boxes were changed B." library="Drag and Drop">
<kw name="Element Text Should Be" library="SeleniumLibrary">
<arg>xpath=//*[@id="column-a"]/header</arg>
<arg>expected=A</arg>
<doc>Verifies that element ``locator`` contains exact the text ``expected``.</doc>
<msg timestamp="20230510 14:18:47.346" level="INFO">Verifying element 'xpath=//*[@id="column-a"]/header' contains exact text 'A'.</msg>
<status status="PASS" starttime="20230510 14:18:47.344" endtime="20230510 14:18:48.382"/>
</kw>
<status status="PASS" starttime="20230510 14:18:47.343" endtime="20230510 14:18:48.382"/>
</kw>
<kw name="End Web Test" library="Common" type="TEARDOWN">
<kw name="Close Browser" library="SeleniumLibrary">
<doc>Closes the current browser.</doc>
<status status="PASS" starttime="20230510 14:18:48.384" endtime="20230510 14:18:50.999"/>
</kw>
<status status="PASS" starttime="20230510 14:18:48.383" endtime="20230510 14:18:50.999"/>
</kw>
<doc>This a test to verify</doc>
<tag>Test-7</tag>
<status status="PASS" starttime="20230510 14:18:35.255" endtime="20230510 14:18:51.000"/>
</test>
<doc>This is a final excercise in the Robot Framework</doc>
<status status="PASS" starttime="20230510 14:18:34.753" endtime="20230510 14:18:51.001"/>
</suite>
<status status="PASS" starttime="20230510 14:18:34.732" endtime="20230510 14:18:51.003"/>
</suite>
<statistics>
<total>
<stat pass="1" fail="0" skip="0">All Tests</stat>
</total>
<tag>
<stat pass="1" fail="0" skip="0">Test-7</stat>
</tag>
<suite>
<stat pass="1" fail="0" skip="0" id="s1" name="Tests">Tests</stat>
<stat pass="1" fail="0" skip="0" id="s1-s1" name="Mian">Tests.Mian</stat>
</suite>
</statistics>
<errors>
</errors>
</robot>
