<?xml version="1.0" encoding="UTF-8"?>
<robot generator="Robot 6.0.2 (Python 3.11.2 on win32)" generated="20230512 11:47:31.046" rpa="false" schemaversion="3">
<suite id="s1" name="Tests" source="C:\Users\aflores\Desktop\Robot FrameWork\FInal-Excercise\tests">
<suite id="s1-s1" name="Mian" source="C:\Users\aflores\Desktop\Robot FrameWork\FInal-Excercise\tests\Mian.robot">
<test id="s1-s1-t1" name="File Upload" line="123">
<kw name="Begin Web Test" library="Common" type="SETUP">
<doc>This is some basic info about the test</doc>
<kw name="Set Variable" library="BuiltIn">
<var>${full}</var>
<arg>${EXECDIR}${/}downloads${/}</arg>
<doc>Returns the given values which can then be assigned to a variables.</doc>
<msg timestamp="20230512 11:47:31.573" level="INFO">${full} = C:\Users\aflores\Desktop\Robot FrameWork\FInal-Excercise\downloads\</msg>
<status status="PASS" starttime="20230512 11:47:31.573" endtime="20230512 11:47:31.573"/>
</kw>
<kw name="Normalize Path" library="OperatingSystem">
<var>${path}</var>
<arg>${full}</arg>
<doc>Normalizes the given path.</doc>
<msg timestamp="20230512 11:47:31.573" level="INFO">${path} = C:\Users\aflores\Desktop\Robot FrameWork\FInal-Excercise\downloads</msg>
<status status="PASS" starttime="20230512 11:47:31.573" endtime="20230512 11:47:31.573"/>
</kw>
<kw name="Create Dictionary" library="BuiltIn">
<var>${prefs}</var>
<arg>download.default_directory=${path}</arg>
<arg>download.prompt_for_download=${FALSE}</arg>
<arg>download.directory_upgrade=${TRUE}</arg>
<doc>Creates and returns a dictionary based on the given ``items``.</doc>
<msg timestamp="20230512 11:47:31.574" level="INFO">${prefs} = {'download.default_directory': 'C:\\Users\\aflores\\Desktop\\Robot FrameWork\\FInal-Excercise\\downloads', 'download.prompt_for_download': False, 'download.directory_upgrade': True}</msg>
<status status="PASS" starttime="20230512 11:47:31.574" endtime="20230512 11:47:31.574"/>
</kw>
<kw name="Set Selenium Speed" library="SeleniumLibrary">
<arg>0.5s</arg>
<doc>Sets the delay that is waited after each Selenium command.</doc>
<status status="PASS" starttime="20230512 11:47:31.574" endtime="20230512 11:47:31.574"/>
</kw>
<kw name="Open Browser" library="SeleniumLibrary">
<arg>${URL}</arg>
<arg>${BROWSER}</arg>
<arg>options=add_experimental_option("prefs",${prefs})</arg>
<doc>Opens a new browser instance to the optional ``url``.</doc>
<msg timestamp="20230512 11:47:31.575" level="INFO">Opening browser 'chrome' to base url 'https://the-internet.herokuapp.com/'.</msg>
<msg timestamp="20230512 11:47:31.599" level="INFO">Executing: C:\Python311\Lib\site-packages\selenium\webdriver\common\windows\selenium-manager.exe --browser chrome --output json</msg>
<status status="PASS" starttime="20230512 11:47:31.574" endtime="20230512 11:47:34.866"/>
</kw>
<kw name="Maximize Browser Window" library="SeleniumLibrary">
<doc>Maximizes current browser window.</doc>
<status status="PASS" starttime="20230512 11:47:34.866" endtime="20230512 11:47:35.482"/>
</kw>
<kw name="Wait Until Page Contains" library="SeleniumLibrary">
<arg>Welcome to the-internet</arg>
<doc>Waits until ``text`` appears on the current page.</doc>
<status status="PASS" starttime="20230512 11:47:35.482" endtime="20230512 11:47:35.995"/>
</kw>
<status status="PASS" starttime="20230512 11:47:31.573" endtime="20230512 11:47:35.995"/>
</kw>
<kw name="Open File Upload Page" library="File Upload">
<kw name="Click Link" library="SeleniumLibrary">
<arg>xpath=//*[@id="content"]/ul/li[18]/a</arg>
<doc>Clicks a link identified by ``locator``.</doc>
<msg timestamp="20230512 11:47:35.996" level="INFO">Clicking link 'xpath=//*[@id="content"]/ul/li[18]/a'.</msg>
<status status="PASS" starttime="20230512 11:47:35.996" endtime="20230512 11:47:38.013"/>
</kw>
<status status="PASS" starttime="20230512 11:47:35.995" endtime="20230512 11:47:38.013"/>
</kw>
<kw name="Create the file test.txt with “testing” as text." library="File Upload">
<kw name="Create File" library="OperatingSystem">
<arg>${EXECDIR}${/}downloads${/}test.txt</arg>
<arg>content=testing</arg>
<doc>Creates a file with the given content and encoding.</doc>
<msg timestamp="20230512 11:47:38.014" level="INFO" html="true">Created file '&lt;a href="file://C:\Users\aflores\Desktop\Robot FrameWork\FInal-Excercise\downloads\test.txt"&gt;C:\Users\aflores\Desktop\Robot FrameWork\FInal-Excercise\downloads\test.txt&lt;/a&gt;'.</msg>
<status status="PASS" starttime="20230512 11:47:38.014" endtime="20230512 11:47:38.014"/>
</kw>
<status status="PASS" starttime="20230512 11:47:38.013" endtime="20230512 11:47:38.014"/>
</kw>
<kw name="Upload the file test.txt" library="File Upload">
<kw name="Choose File" library="SeleniumLibrary">
<arg>xpath=//*[@id="file-upload"]</arg>
<arg>${EXECDIR}${/}downloads${/}test.txt</arg>
<doc>Inputs the ``file_path`` into the file input field ``locator``.</doc>
<msg timestamp="20230512 11:47:38.015" level="INFO">Sending C:\Users\aflores\Desktop\Robot FrameWork\FInal-Excercise\downloads\test.txt to browser.</msg>
<status status="PASS" starttime="20230512 11:47:38.015" endtime="20230512 11:47:39.056"/>
</kw>
<kw name="Click Element" library="SeleniumLibrary">
<arg>xpath=//*[@id="file-submit"]</arg>
<doc>Click the element identified by ``locator``.</doc>
<msg timestamp="20230512 11:47:39.056" level="INFO">Clicking element 'xpath=//*[@id="file-submit"]'.</msg>
<status status="PASS" starttime="20230512 11:47:39.056" endtime="20230512 11:47:40.231"/>
</kw>
<kw name="Sleep" library="BuiltIn">
<arg>2s</arg>
<doc>Pauses the test executed for the given time.</doc>
<msg timestamp="20230512 11:47:42.232" level="INFO">Slept 2 seconds</msg>
<status status="PASS" starttime="20230512 11:47:40.231" endtime="20230512 11:47:42.232"/>
</kw>
<status status="PASS" starttime="20230512 11:47:38.015" endtime="20230512 11:47:42.232"/>
</kw>
<kw name="End Web Test" library="Common" type="TEARDOWN">
<kw name="Close Browser" library="SeleniumLibrary">
<doc>Closes the current browser.</doc>
<status status="PASS" starttime="20230512 11:47:42.233" endtime="20230512 11:47:44.922"/>
</kw>
<status status="PASS" starttime="20230512 11:47:42.233" endtime="20230512 11:47:44.922"/>
</kw>
<doc>This a test to verify</doc>
<tag>Test-12</tag>
<status status="PASS" starttime="20230512 11:47:31.572" endtime="20230512 11:47:44.922"/>
</test>
<doc>This is a final excercise in the Robot Framework</doc>
<status status="PASS" starttime="20230512 11:47:31.069" endtime="20230512 11:47:44.924"/>
</suite>
<status status="PASS" starttime="20230512 11:47:31.048" endtime="20230512 11:47:44.926"/>
</suite>
<statistics>
<total>
<stat pass="1" fail="0" skip="0">All Tests</stat>
</total>
<tag>
<stat pass="1" fail="0" skip="0">Test-12</stat>
</tag>
<suite>
<stat pass="1" fail="0" skip="0" id="s1" name="Tests">Tests</stat>
<stat pass="1" fail="0" skip="0" id="s1-s1" name="Mian">Tests.Mian</stat>
</suite>
</statistics>
<errors>
</errors>
</robot>
