<?xml version="1.0" encoding="UTF-8"?>
<robot generator="Robot 6.0.2 (Python 3.11.2 on win32)" generated="20230508 17:32:37.742" rpa="false" schemaversion="3">
<suite id="s1" name="Tests" source="C:\Users\aflores\Desktop\Robot FrameWork\FInal-Excercise\tests">
<suite id="s1-s1" name="Mian" source="C:\Users\aflores\Desktop\Robot FrameWork\FInal-Excercise\tests\Mian.robot">
<test id="s1-s1-t1" name="Form Authetication" line="100">
<kw name="Begin Web Test" library="Common" type="SETUP">
<doc>This is some basic info about the test</doc>
<kw name="Set Selenium Speed" library="SeleniumLibrary">
<arg>0.5s</arg>
<doc>Sets the delay that is waited after each Selenium command.</doc>
<status status="PASS" starttime="20230508 17:32:38.124" endtime="20230508 17:32:38.124"/>
</kw>
<kw name="Open Browser" library="SeleniumLibrary">
<arg>${URL}</arg>
<arg>${BROWSER}</arg>
<doc>Opens a new browser instance to the optional ``url``.</doc>
<msg timestamp="20230508 17:32:38.124" level="INFO">Opening browser 'chrome' to base url 'https://the-internet.herokuapp.com/'.</msg>
<msg timestamp="20230508 17:32:38.145" level="INFO">Executing: C:\Python311\Lib\site-packages\selenium\webdriver\common\windows\selenium-manager.exe --browser chrome --output json</msg>
<status status="PASS" starttime="20230508 17:32:38.124" endtime="20230508 17:32:41.591"/>
</kw>
<kw name="Maximize Browser Window" library="SeleniumLibrary">
<doc>Maximizes current browser window.</doc>
<status status="PASS" starttime="20230508 17:32:41.591" endtime="20230508 17:32:42.208"/>
</kw>
<kw name="Wait Until Page Contains" library="SeleniumLibrary">
<arg>Welcome to the-internet</arg>
<doc>Waits until ``text`` appears on the current page.</doc>
<status status="PASS" starttime="20230508 17:32:42.209" endtime="20230508 17:32:42.735"/>
</kw>
<status status="PASS" starttime="20230508 17:32:38.124" endtime="20230508 17:32:42.735"/>
</kw>
<kw name="Open Form Acthetication Page" library="Form_Authentication">
<kw name="Click Link" library="SeleniumLibrary">
<arg>xpath=//*[@id="content"]/ul/li[21]/a</arg>
<doc>Clicks a link identified by ``locator``.</doc>
<msg timestamp="20230508 17:32:42.737" level="INFO">Clicking link 'xpath=//*[@id="content"]/ul/li[21]/a'.</msg>
<status status="PASS" starttime="20230508 17:32:42.736" endtime="20230508 17:32:44.738"/>
</kw>
<status status="PASS" starttime="20230508 17:32:42.736" endtime="20230508 17:32:44.738"/>
</kw>
<kw name="Enter tomsmith for the username and SuperSecretPassword! for the password" library="Form_Authentication">
<kw name="Input Text" library="SeleniumLibrary">
<arg>xpath=//*[@id="username"]</arg>
<arg>tomsmith</arg>
<doc>Types the given ``text`` into the text field identified by ``locator``.</doc>
<msg timestamp="20230508 17:32:44.739" level="INFO">Typing text 'tomsmith' into text field 'xpath=//*[@id="username"]'.</msg>
<status status="PASS" starttime="20230508 17:32:44.738" endtime="20230508 17:32:46.312"/>
</kw>
<kw name="Input Text" library="SeleniumLibrary">
<arg>xpath=//*[@id="password"]</arg>
<arg>SuperSecretPassword!</arg>
<doc>Types the given ``text`` into the text field identified by ``locator``.</doc>
<msg timestamp="20230508 17:32:46.312" level="INFO">Typing text 'SuperSecretPassword!' into text field 'xpath=//*[@id="password"]'.</msg>
<status status="PASS" starttime="20230508 17:32:46.312" endtime="20230508 17:32:47.888"/>
</kw>
<status status="PASS" starttime="20230508 17:32:44.738" endtime="20230508 17:32:47.888"/>
</kw>
<kw name="CLick on the Login button" library="Form_Authentication">
<kw name="Click Element" library="SeleniumLibrary">
<arg>xpath=//*[@id="login"]/button/i</arg>
<doc>Click the element identified by ``locator``.</doc>
<msg timestamp="20230508 17:32:47.889" level="INFO">Clicking element 'xpath=//*[@id="login"]/button/i'.</msg>
<status status="PASS" starttime="20230508 17:32:47.889" endtime="20230508 17:32:49.161"/>
</kw>
<status status="PASS" starttime="20230508 17:32:47.888" endtime="20230508 17:32:49.161"/>
</kw>
<kw name="Validate the login was successful" library="Form_Authentication">
<kw name="Page Should Contain" library="SeleniumLibrary">
<arg>You logged into a secure area!</arg>
<doc>Verifies that current page contains ``text``.</doc>
<msg timestamp="20230508 17:32:50.180" level="INFO">Current page contains text 'You logged into a secure area!'.</msg>
<status status="PASS" starttime="20230508 17:32:49.162" endtime="20230508 17:32:50.180"/>
</kw>
<status status="PASS" starttime="20230508 17:32:49.161" endtime="20230508 17:32:50.180"/>
</kw>
<kw name="Click on the button Logout" library="Form_Authentication">
<kw name="Click Element" library="SeleniumLibrary">
<arg>xpath=//*[@id="content"]/div/a/i</arg>
<doc>Click the element identified by ``locator``.</doc>
<msg timestamp="20230508 17:32:50.181" level="INFO">Clicking element 'xpath=//*[@id="content"]/div/a/i'.</msg>
<status status="PASS" starttime="20230508 17:32:50.180" endtime="20230508 17:32:51.455"/>
</kw>
<status status="PASS" starttime="20230508 17:32:50.180" endtime="20230508 17:32:51.455"/>
</kw>
<kw name="Validate that the logout was successful" library="Form_Authentication">
<kw name="Page Should Contain" library="SeleniumLibrary">
<arg>You logged out of the secure area!</arg>
<doc>Verifies that current page contains ``text``.</doc>
<msg timestamp="20230508 17:32:52.475" level="INFO">Current page contains text 'You logged out of the secure area!'.</msg>
<status status="PASS" starttime="20230508 17:32:51.457" endtime="20230508 17:32:52.475"/>
</kw>
<status status="PASS" starttime="20230508 17:32:51.456" endtime="20230508 17:32:52.475"/>
</kw>
<kw name="Enter tomsmith1 for the username and SuperSecretPassword! for the password." library="Form_Authentication">
<kw name="Input Text" library="SeleniumLibrary">
<arg>xpath=//*[@id="username"]</arg>
<arg>tomsmith1</arg>
<doc>Types the given ``text`` into the text field identified by ``locator``.</doc>
<msg timestamp="20230508 17:32:52.476" level="INFO">Typing text 'tomsmith1' into text field 'xpath=//*[@id="username"]'.</msg>
<status status="PASS" starttime="20230508 17:32:52.476" endtime="20230508 17:32:54.123"/>
</kw>
<kw name="Input Text" library="SeleniumLibrary">
<arg>xpath=//*[@id="password"]</arg>
<arg>SuperSecretPassword!</arg>
<doc>Types the given ``text`` into the text field identified by ``locator``.</doc>
<msg timestamp="20230508 17:32:54.123" level="INFO">Typing text 'SuperSecretPassword!' into text field 'xpath=//*[@id="password"]'.</msg>
<status status="PASS" starttime="20230508 17:32:54.123" endtime="20230508 17:32:55.688"/>
</kw>
<status status="PASS" starttime="20230508 17:32:52.475" endtime="20230508 17:32:55.688"/>
</kw>
<kw name="CLick on the Login button" library="Form_Authentication">
<kw name="Click Element" library="SeleniumLibrary">
<arg>xpath=//*[@id="login"]/button/i</arg>
<doc>Click the element identified by ``locator``.</doc>
<msg timestamp="20230508 17:32:55.689" level="INFO">Clicking element 'xpath=//*[@id="login"]/button/i'.</msg>
<status status="PASS" starttime="20230508 17:32:55.688" endtime="20230508 17:32:56.940"/>
</kw>
<status status="PASS" starttime="20230508 17:32:55.688" endtime="20230508 17:32:56.940"/>
</kw>
<kw name="Validate the message “Your username is invalid!”" library="Form_Authentication">
<kw name="Page Should Contain" library="SeleniumLibrary">
<arg>Your username is invalid!</arg>
<doc>Verifies that current page contains ``text``.</doc>
<msg timestamp="20230508 17:32:57.963" level="INFO">Current page contains text 'Your username is invalid!'.</msg>
<status status="PASS" starttime="20230508 17:32:56.950" endtime="20230508 17:32:57.963"/>
</kw>
<status status="PASS" starttime="20230508 17:32:56.941" endtime="20230508 17:32:57.963"/>
</kw>
<kw name="CLick on the Login button" library="Form_Authentication">
<kw name="Click Element" library="SeleniumLibrary">
<arg>xpath=//*[@id="login"]/button/i</arg>
<doc>Click the element identified by ``locator``.</doc>
<msg timestamp="20230508 17:32:57.964" level="INFO">Clicking element 'xpath=//*[@id="login"]/button/i'.</msg>
<status status="PASS" starttime="20230508 17:32:57.963" endtime="20230508 17:32:59.228"/>
</kw>
<status status="PASS" starttime="20230508 17:32:57.963" endtime="20230508 17:32:59.228"/>
</kw>
<kw name="Enter tomsmith for the username and SuperS1ecretPassword! for the password." library="Form_Authentication">
<kw name="Input Text" library="SeleniumLibrary">
<arg>xpath=//*[@id="username"]</arg>
<arg>tomsmith</arg>
<doc>Types the given ``text`` into the text field identified by ``locator``.</doc>
<msg timestamp="20230508 17:32:59.229" level="INFO">Typing text 'tomsmith' into text field 'xpath=//*[@id="username"]'.</msg>
<status status="PASS" starttime="20230508 17:32:59.229" endtime="20230508 17:33:00.875"/>
</kw>
<kw name="Input Text" library="SeleniumLibrary">
<arg>xpath=//*[@id="password"]</arg>
<arg>SuperSqecretPassword!</arg>
<doc>Types the given ``text`` into the text field identified by ``locator``.</doc>
<msg timestamp="20230508 17:33:00.876" level="INFO">Typing text 'SuperSqecretPassword!' into text field 'xpath=//*[@id="password"]'.</msg>
<status status="PASS" starttime="20230508 17:33:00.875" endtime="20230508 17:33:02.461"/>
</kw>
<status status="PASS" starttime="20230508 17:32:59.229" endtime="20230508 17:33:02.461"/>
</kw>
<kw name="Validate the message “Your password is invalid!”" library="Form_Authentication">
<kw name="Page Should Contain" library="SeleniumLibrary">
<arg>Your username is invalid!</arg>
<doc>Verifies that current page contains ``text``.</doc>
<msg timestamp="20230508 17:33:03.481" level="INFO">Current page contains text 'Your username is invalid!'.</msg>
<status status="PASS" starttime="20230508 17:33:02.463" endtime="20230508 17:33:03.481"/>
</kw>
<status status="PASS" starttime="20230508 17:33:02.462" endtime="20230508 17:33:03.481"/>
</kw>
<kw name="End Web Test" library="Common" type="TEARDOWN">
<kw name="Close Browser" library="SeleniumLibrary">
<doc>Closes the current browser.</doc>
<status status="PASS" starttime="20230508 17:33:03.482" endtime="20230508 17:33:06.159"/>
</kw>
<status status="PASS" starttime="20230508 17:33:03.482" endtime="20230508 17:33:06.160"/>
</kw>
<doc>This a test to verify</doc>
<tag>Test-15</tag>
<status status="PASS" starttime="20230508 17:32:38.123" endtime="20230508 17:33:06.160"/>
</test>
<doc>This is a final excercise in the Robot Framework</doc>
<status status="PASS" starttime="20230508 17:32:37.766" endtime="20230508 17:33:06.163"/>
</suite>
<status status="PASS" starttime="20230508 17:32:37.745" endtime="20230508 17:33:06.167"/>
</suite>
<statistics>
<total>
<stat pass="1" fail="0" skip="0">All Tests</stat>
</total>
<tag>
<stat pass="1" fail="0" skip="0">Test-15</stat>
</tag>
<suite>
<stat pass="1" fail="0" skip="0" id="s1" name="Tests">Tests</stat>
<stat pass="1" fail="0" skip="0" id="s1-s1" name="Mian">Tests.Mian</stat>
</suite>
</statistics>
<errors>
</errors>
</robot>
